<?xml version="1.0" encoding="UTF-8"?>
<!-- Generated by org.testng.reporters.JUnitReportReporter -->
<testsuite hostname="DINM3YRLDN3" failures="0" tests="1" name="ritabhSelenium.eCommerce.errorValidations" time="6.182" errors="0" timestamp="2025-09-11T15:52:55 IST" skipped="0">
  <testcase classname="ritabhSelenium.eCommerce.errorValidations" name="validateErrors" time="6.182"/>
</testsuite> <!-- ritabhSelenium.eCommerce.errorValidations -->
